2026-02-06 12:41:00,448 [INFO] Loaded 47488 records from output/hff_films.json
2026-02-06 12:41:00,448 [INFO] ============================================================
2026-02-06 12:41:00,448 [INFO]   HFF Film Enrichment (TMDb)
2026-02-06 12:41:00,448 [INFO] ============================================================
2026-02-06 12:41:00,448 [INFO] [1/47488] 1+1-1
2026-02-06 12:41:01,969 [INFO]   -> No match (no_match)
2026-02-06 12:41:01,970 [INFO] [2/47488] 1/2 Frösche ficken flink
2026-02-06 12:41:03,356 [INFO]   -> No match (no_match)
2026-02-06 12:41:03,357 [INFO] [3/47488] 1/57 Versuch mit synthetischem Ton (Test)
2026-02-06 12:41:05,008 [INFO]   -> Matched: 1/57: Versuch mit synthetischem Ton (score=80)
2026-02-06 12:41:05,009 [INFO] [4/47488] 1 - Die weltweiten Wurzeln
2026-02-06 12:41:05,504 [INFO]   -> No match (no_match)
2026-02-06 12:41:05,504 [INFO] [5/47488] 1 Mord für 2
2026-02-06 12:41:05,961 [INFO]   -> Matched: 1 Mord für 2 (score=100)
2026-02-06 12:41:05,962 [INFO] [6/47488] 2 + 2 = 22
2026-02-06 12:41:08,472 [INFO]   -> Matched: 2:22 - Zeit für die Liebe (score=70)
2026-02-06 12:41:08,472 [INFO] [7/47488] 2/60 48 Köpfe aus dem Szondi-Test
2026-02-06 12:41:10,165 [INFO]   -> Matched: 2/60: 48 Köpfe aus dem Szondi-Test (score=80)
2026-02-06 12:41:10,165 [INFO] [8/47488] 2 - Der göttliche Atem
2026-02-06 12:41:10,552 [INFO]   -> No match (no_match)
2026-02-06 12:41:10,552 [INFO] [9/47488] 2 Romeos für Julia
2026-02-06 12:41:11,609 [INFO]   -> Matched: 2 Romeos für Julia - Alte Liebe rostet nicht (score=85)
2026-02-06 12:41:11,609 [INFO] [10/47488] 2 mal Sterben ist einmal zuviel
2026-02-06 12:41:13,901 [INFO]   -> Matched: Zweimal sterben ist einmal zuviel (score=70)
2026-02-06 12:41:13,902 [INFO] Test mode: stopping after 10 records
2026-02-06 12:41:13,906 [INFO] Enriched JSON: output/enriched/hff_films_enriched.json (6 records)
2026-02-06 12:41:13,906 [INFO] Unmatched JSON: output/enriched/hff_films_unmatched.json (4 records)
2026-02-06 12:41:13,907 [INFO] Enriched CSV: output/enriched/hff_films_enriched.csv (6 records)
2026-02-06 12:41:13,907 [INFO] ============================================================
2026-02-06 12:41:13,908 [INFO]   DONE - 6 matched, 4 unmatched
2026-02-06 12:41:13,908 [INFO] ============================================================
